==26732== Memcheck, a memory error detector
==26732== Copyright (C) 2002-2022, and GNU GPL'd, by Julian Seward et al.
==26732== Using Valgrind-3.22.0 and LibVEX; rerun with -h for copyright info
==26732== Command: ./minishell
==26732== Parent PID: 26232
==26732== 
==26732== 
==26732== FILE DESCRIPTORS: 8 open (3 std) at exit.
==26732== Open file descriptor 24: /home/codespace/.vscode-remote/data/logs/20250620T172020/remoteTelemetry.log
==26732==    <inherited from parent>
==26732== 
==26732== Open file descriptor 23: /home/codespace/.vscode-remote/data/logs/20250620T172020/remoteagent.log
==26732==    <inherited from parent>
==26732== 
==26732== Open file descriptor 22: /home/codespace/.vscode-remote/data/logs/20250620T172020/ptyhost.log
==26732==    <inherited from parent>
==26732== 
==26732== Open file descriptor 6: /dev/null
==26732==    <inherited from parent>
==26732== 
==26732== Open file descriptor 3: /workspaces/novo_reset/valgrind_leaks.log
==26732==    <inherited from parent>
==26732== 
==26732== 
==26732== HEAP SUMMARY:
==26732==     in use at exit: 4,055 bytes in 4 blocks
==26732==   total heap usage: 448 allocs, 444 frees, 27,741 bytes allocated
==26732== 
==26732== 3 bytes in 1 blocks are still reachable in loss record 1 of 4
==26732==    at 0x4846828: malloc (in /usr/libexec/valgrind/vgpreload_memcheck-amd64-linux.so)
==26732==    by 0x489D0EC: xmalloc (in /usr/lib/x86_64-linux-gnu/libreadline.so.8.2)
==26732==    by 0x4893C9A: alloc_history_entry (in /usr/lib/x86_64-linux-gnu/libreadline.so.8.2)
==26732==    by 0x48965AF: add_history (in /usr/lib/x86_64-linux-gnu/libreadline.so.8.2)
==26732==    by 0x1094FA: main_loop (minishell.c:66)
==26732==    by 0x109412: main (minishell.c:33)
==26732== 
==26732== 12 bytes in 1 blocks are still reachable in loss record 2 of 4
==26732==    at 0x4846828: malloc (in /usr/libexec/valgrind/vgpreload_memcheck-amd64-linux.so)
==26732==    by 0x489D0EC: xmalloc (in /usr/lib/x86_64-linux-gnu/libreadline.so.8.2)
==26732==    by 0x489656B: add_history (in /usr/lib/x86_64-linux-gnu/libreadline.so.8.2)
==26732==    by 0x1094FA: main_loop (minishell.c:66)
==26732==    by 0x109412: main (minishell.c:33)
==26732== 
==26732== 24 bytes in 1 blocks are still reachable in loss record 3 of 4
==26732==    at 0x4846828: malloc (in /usr/libexec/valgrind/vgpreload_memcheck-amd64-linux.so)
==26732==    by 0x489D0EC: xmalloc (in /usr/lib/x86_64-linux-gnu/libreadline.so.8.2)
==26732==    by 0x4893C7E: alloc_history_entry (in /usr/lib/x86_64-linux-gnu/libreadline.so.8.2)
==26732==    by 0x48965AF: add_history (in /usr/lib/x86_64-linux-gnu/libreadline.so.8.2)
==26732==    by 0x1094FA: main_loop (minishell.c:66)
==26732==    by 0x109412: main (minishell.c:33)
==26732== 
==26732== 4,016 bytes in 1 blocks are still reachable in loss record 4 of 4
==26732==    at 0x4846828: malloc (in /usr/libexec/valgrind/vgpreload_memcheck-amd64-linux.so)
==26732==    by 0x489D0EC: xmalloc (in /usr/lib/x86_64-linux-gnu/libreadline.so.8.2)
==26732==    by 0x489661F: add_history (in /usr/lib/x86_64-linux-gnu/libreadline.so.8.2)
==26732==    by 0x1094FA: main_loop (minishell.c:66)
==26732==    by 0x109412: main (minishell.c:33)
==26732== 
==26732== LEAK SUMMARY:
==26732==    definitely lost: 0 bytes in 0 blocks
==26732==    indirectly lost: 0 bytes in 0 blocks
==26732==      possibly lost: 0 bytes in 0 blocks
==26732==    still reachable: 4,055 bytes in 4 blocks
==26732==         suppressed: 0 bytes in 0 blocks
==26732== 
==26732== For lists of detected and suppressed errors, rerun with: -s
==26732== ERROR SUMMARY: 0 errors from 0 contexts (suppressed: 0 from 0)
